Job started on dnagpu007
SLURM_JOB_ID=58547286
torch: 2.10.0+cu128
transformers: 4.56.0
cuda available: True

==========================================================================================
[RUN1 DEBUG] law_id=https://fedlex.data.admin.ch/eli/cc/1/598_557_598 chunk 0-1
------------------------------------------------------------------------------------------
[SYSTEM]
Tu analyses des TITRES/INTITULÉS (pas le texte des articles). Ta tâche: dire si le titre suggère un lien direct avec: systèmes automatisés/algorithmes, traitement automatisé de données, infrastructures informatiques/de calcul (serveurs, cloud), ou intelligence artificielle.

Sois CONSERVATEUR: si ce n’est pas clair dans le titre, réponds FALSE.
Tu ne dois PAS déduire à partir du secteur (ex: santé, aviation) si le titre ne mentionne rien d’automatisé/data/IT.

Retourne UNIQUEMENT du JSON valide, sans texte autour.
------------------------------------------------------------------------------------------
[USER]
Tu reçois une liste de lignes, toutes issues d'une seule loi (law_id=https://fedlex.data.admin.ch/eli/cc/1/598_557_598).
Pour chaque ligne, réponds TRUE ou FALSE à la question:
"Ce titre est-il en lien avec systèmes automatisés / algorithmes / traitement automatisé de données / infrastructures informatiques ou de calcul / intelligence artificielle ?"

Règles:
- Base-toi UNIQUEMENT sur le champ "label".
- Si doute -> FALSE.
- JSON strict uniquement.

Entrée:
[{"row_uid": 1, "label": "Arrêté fédéral concernant les prestations de la ville de Berne pour le siège fédéral"}]

Format de sortie EXACT:
{
  "items": [
    {"row_uid": 123, "ai_relevant": true},
    {"row_uid": 124, "ai_relevant": false}
  ]
}

==========================================================================================


------------------------------------------------------------------------------------------
[RUN1 DEBUG RAW RESPONSE]
Tu analyses des TITRES/INTITULÉS (pas le texte des articles). Ta tâche: dire si le titre suggère un lien direct avec: systèmes automatisés/algorithmes, traitement automatisé de données, infrastructures informatiques/de calcul (serveurs, cloud), ou intelligence artificielle.

Sois CONSERVATEUR: si ce n’est pas clair dans le titre, réponds FALSE.
Tu ne dois PAS déduire à partir du secteur (ex: santé, aviation) si le titre ne mentionne rien d’automatisé/data/IT.

Retourne UNIQUEMENT du JSON valide, sans texte autour.Deliberation: disabled
Tool Capabilities: disabledTu reçois une liste de lignes, toutes issues d'une seule loi (law_id=https://fedlex.data.admin.ch/eli/cc/1/598_557_598).
Pour chaque ligne, réponds TRUE ou FALSE à la question:
"Ce titre est-il en lien avec systèmes automatisés / algorithmes / traitement automatisé de données / infrastructures informatiques ou de calcul / intelligence artificielle ?"

Règles:
- Base-toi UNIQUEMENT sur le champ "label".
- Si doute -> FALSE.
- JSON strict uniquement.

Entrée:
[{"row_uid": 1, "label": "Arrêté fédéral concernant les prestations de la ville de Berne pour le siège fédéral"}]

Format de sortie EXACT:
{
  "items": [
    {"row_uid": 123, "ai_relevant": true},
    {"row_uid": 124, "ai_relevant": false}
  ]
}
{
  "items": [
    {"row_uid": 1, "ai_relevant": false}
  ]
}
------------------------------------------------------------------------------------------

