CUDA-fused xIELU not available (No module named 'xielu') – falling back to a Python version.
For CUDA xIELU (experimental), `pip install git+https://github.com/nickjbrowning/XIELU`
Loading checkpoint shards:   0%|          | 0/4 [00:00<?, ?it/s]Loading checkpoint shards: 100%|██████████| 4/4 [00:00<00:00, 52.43it/s]
Asking to truncate to max_length but no maximum length is provided and the model has no predefined maximum length. Default to no truncation.
Setting `pad_token_id` to `eos_token_id`:2 for open-end generation.
Setting `pad_token_id` to `eos_token_id`:2 for open-end generation.
Setting `pad_token_id` to `eos_token_id`:2 for open-end generation.
Setting `pad_token_id` to `eos_token_id`:2 for open-end generation.
Setting `pad_token_id` to `eos_token_id`:2 for open-end generation.
Traceback (most recent call last):
  File "/work/FAC/FDCA/IDHEAP/mhinterl/parp/PORTFOLIO_REPO/scripts/evaluate_vs_gold.py", line 73, in <module>
    raise SystemExit(main())
                     ^^^^^^
  File "/work/FAC/FDCA/IDHEAP/mhinterl/parp/PORTFOLIO_REPO/scripts/evaluate_vs_gold.py", line 37, in main
    gold = read_any(args.gold)
           ^^^^^^^^^^^^^^^^^^^
  File "/work/FAC/FDCA/IDHEAP/mhinterl/parp/PORTFOLIO_REPO/scripts/evaluate_vs_gold.py", line 19, in read_any
    return pd.read_csv(p)
           ^^^^^^^^^^^^^^
  File "/work/FAC/FDCA/IDHEAP/mhinterl/parp/PORTFOLIO_REPO/.venv/lib/python3.12/site-packages/pandas/io/parsers/readers.py", line 873, in read_csv
    return _read(filepath_or_buffer, kwds)
           ^^^^^^^^^^^^^^^^^^^^^^^^^^^^^^^
  File "/work/FAC/FDCA/IDHEAP/mhinterl/parp/PORTFOLIO_REPO/.venv/lib/python3.12/site-packages/pandas/io/parsers/readers.py", line 300, in _read
    parser = TextFileReader(filepath_or_buffer, **kwds)
             ^^^^^^^^^^^^^^^^^^^^^^^^^^^^^^^^^^^^^^^^^^
  File "/work/FAC/FDCA/IDHEAP/mhinterl/parp/PORTFOLIO_REPO/.venv/lib/python3.12/site-packages/pandas/io/parsers/readers.py", line 1645, in __init__
    self._engine = self._make_engine(f, self.engine)
                   ^^^^^^^^^^^^^^^^^^^^^^^^^^^^^^^^^
  File "/work/FAC/FDCA/IDHEAP/mhinterl/parp/PORTFOLIO_REPO/.venv/lib/python3.12/site-packages/pandas/io/parsers/readers.py", line 1904, in _make_engine
    self.handles = get_handle(
                   ^^^^^^^^^^^
  File "/work/FAC/FDCA/IDHEAP/mhinterl/parp/PORTFOLIO_REPO/.venv/lib/python3.12/site-packages/pandas/io/common.py", line 926, in get_handle
    handle = open(
             ^^^^^
FileNotFoundError: [Errno 2] No such file or directory: 'data/external/HUMAN_CODED_REFERENCE.csv'
